# JRE version: OpenJDK Runtime Environment (8.0_202-b03) (build 1.8.0_202-release-1483-b03)
# Java VM: OpenJDK 64-Bit Server VM (25.202-b03 mixed mode windows-amd64 compressed oops)
Heap:
 PSYoungGen      total 206848K, used 91400K [0x00000000e0000000, 0x00000000eee00000, 0x0000000100000000)
  eden space 169472K, 53% used [0x00000000e0000000,0x00000000e5942178,0x00000000ea580000)
  from space 37376K, 0% used [0x00000000ec980000,0x00000000ec980000,0x00000000eee00000)
  to   space 36864K, 0% used [0x00000000ea580000,0x00000000ea580000,0x00000000ec980000)
 ParOldGen       total 181248K, used 57977K [0x00000000a0000000, 0x00000000ab100000, 0x00000000e0000000)
  object space 181248K, 31% used [0x00000000a0000000,0x00000000a389e440,0x00000000ab100000)
 Metaspace       used 95481K, capacity 99192K, committed 99532K, reserved 1136640K
  class space    used 12165K, capacity 12951K, committed 13056K, reserved 1048576K
GC Heap History (10 events):
Event: 257.839 GC heap before
{Heap before GC invocations=26 (full 3):
 PSYoungGen      total 179712K, used 179638K [0x00000000e0000000, 0x00000000ed580000, 0x0000000100000000)
  eden space 161792K, 100% used [0x00000000e0000000,0x00000000e9e00000,0x00000000e9e00000)
  from space 17920K, 99% used [0x00000000ec400000,0x00000000ed56d978,0x00000000ed580000)
  to   space 23552K, 0% used [0x00000000ea780000,0x00000000ea780000,0x00000000ebe80000)
 ParOldGen       total 122368K, used 51584K [0x00000000a0000000, 0x00000000a7780000, 0x00000000e0000000)
  object space 122368K, 42% used [0x00000000a0000000,0x00000000a32600d0,0x00000000a7780000)
 Metaspace       used 89211K, capacity 92728K, committed 93016K, reserved 1130496K
  class space    used 11660K, capacity 12380K, committed 12416K, reserved 1048576K
Event: 257.861 GC heap after
Heap after GC invocations=26 (full 3):
 PSYoungGen      total 175616K, used 18497K [0x00000000e0000000, 0x00000000eca00000, 0x0000000100000000)
  eden space 156672K, 0% used [0x00000000e0000000,0x00000000e0000000,0x00000000e9900000)
  from space 18944K, 97% used [0x00000000ea780000,0x00000000eb990708,0x00000000eba00000)
  to   space 16384K, 0% used [0x00000000eba00000,0x00000000eba00000,0x00000000eca00000)
 ParOldGen       total 122368K, used 51592K [0x00000000a0000000, 0x00000000a7780000, 0x00000000e0000000)
  object space 122368K, 42% used [0x00000000a0000000,0x00000000a32620d0,0x00000000a7780000)
 Metaspace       used 89211K, capacity 92728K, committed 93016K, reserved 1130496K
  class space    used 11660K, capacity 12380K, committed 12416K, reserved 1048576K
}
Event: 268.851 GC heap before
{Heap before GC invocations=27 (full 3):
 PSYoungGen      total 175616K, used 175169K [0x00000000e0000000, 0x00000000eca00000, 0x0000000100000000)
  eden space 156672K, 100% used [0x00000000e0000000,0x00000000e9900000,0x00000000e9900000)
  from space 18944K, 97% used [0x00000000ea780000,0x00000000eb990708,0x00000000eba00000)
  to   space 16384K, 0% used [0x00000000eba00000,0x00000000eba00000,0x00000000eca00000)
 ParOldGen       total 122368K, used 51592K [0x00000000a0000000, 0x00000000a7780000, 0x00000000e0000000)
  object space 122368K, 42% used [0x00000000a0000000,0x00000000a32620d0,0x00000000a7780000)
 Metaspace       used 90297K, capacity 93828K, committed 93912K, reserved 1130496K
  class space    used 11736K, capacity 12468K, committed 12544K, reserved 1048576K
Event: 268.881 GC heap after
Heap after GC invocations=27 (full 3):
 PSYoungGen      total 167936K, used 16355K [0x00000000e0000000, 0x00000000ecd00000, 0x0000000100000000)
  eden space 151552K, 0% used [0x00000000e0000000,0x00000000e0000000,0x00000000e9400000)
  from space 16384K, 99% used [0x00000000eba00000,0x00000000ec9f8d40,0x00000000eca00000)
  to   space 29184K, 0% used [0x00000000e9400000,0x00000000e9400000,0x00000000eb080000)
 ParOldGen       total 122368K, used 61996K [0x00000000a0000000, 0x00000000a7780000, 0x00000000e0000000)
  object space 122368K, 50% used [0x00000000a0000000,0x00000000a3c8b3d0,0x00000000a7780000)
 Metaspace       used 90297K, capacity 93828K, committed 93912K, reserved 1130496K
  class space    used 11736K, capacity 12468K, committed 12544K, reserved 1048576K
}
Event: 270.333 GC heap before
{Heap before GC invocations=28 (full 3):
 PSYoungGen      total 167936K, used 167907K [0x00000000e0000000, 0x00000000ecd00000, 0x0000000100000000)
  eden space 151552K, 100% used [0x00000000e0000000,0x00000000e9400000,0x00000000e9400000)
  from space 16384K, 99% used [0x00000000eba00000,0x00000000ec9f8d40,0x00000000eca00000)
  to   space 29184K, 0% used [0x00000000e9400000,0x00000000e9400000,0x00000000eb080000)
 ParOldGen       total 122368K, used 61996K [0x00000000a0000000, 0x00000000a7780000, 0x00000000e0000000)
  object space 122368K, 50% used [0x00000000a0000000,0x00000000a3c8b3d0,0x00000000a7780000)
 Metaspace       used 91543K, capacity 95356K, committed 95576K, reserved 1132544K
  class space    used 11879K, capacity 12652K, committed 12672K, reserved 1048576K
Event: 270.388 GC heap after
Heap after GC invocations=28 (full 3):
 PSYoungGen      total 180736K, used 29153K [0x00000000e0000000, 0x00000000eee80000, 0x0000000100000000)
  eden space 151552K, 0% used [0x00000000e0000000,0x00000000e0000000,0x00000000e9400000)
  from space 29184K, 99% used [0x00000000e9400000,0x00000000eb078650,0x00000000eb080000)
  to   space 37888K, 0% used [0x00000000ec980000,0x00000000ec980000,0x00000000eee80000)
 ParOldGen       total 122368K, used 74097K [0x00000000a0000000, 0x00000000a7780000, 0x00000000e0000000)
  object space 122368K, 60% used [0x00000000a0000000,0x00000000a485c4c0,0x00000000a7780000)
 Metaspace       used 91543K, capacity 95356K, committed 95576K, reserved 1132544K
  class space    used 11879K, capacity 12652K, committed 12672K, reserved 1048576K
}
Event: 271.660 GC heap before
{Heap before GC invocations=29 (full 3):
 PSYoungGen      total 180736K, used 60290K [0x00000000e0000000, 0x00000000eee80000, 0x0000000100000000)
  eden space 151552K, 20% used [0x00000000e0000000,0x00000000e1e68368,0x00000000e9400000)
  from space 29184K, 99% used [0x00000000e9400000,0x00000000eb078650,0x00000000eb080000)
  to   space 37888K, 0% used [0x00000000ec980000,0x00000000ec980000,0x00000000eee80000)
 ParOldGen       total 122368K, used 74097K [0x00000000a0000000, 0x00000000a7780000, 0x00000000e0000000)
  object space 122368K, 60% used [0x00000000a0000000,0x00000000a485c4c0,0x00000000a7780000)
 Metaspace       used 94393K, capacity 98252K, committed 98380K, reserved 1134592K
  class space    used 12106K, capacity 12888K, committed 12928K, reserved 1048576K
Event: 271.683 GC heap after
Heap after GC invocations=29 (full 3):
 PSYoungGen      total 206848K, used 20327K [0x00000000e0000000, 0x00000000eee00000, 0x0000000100000000)
  eden space 169472K, 0% used [0x00000000e0000000,0x00000000e0000000,0x00000000ea580000)
  from space 37376K, 54% used [0x00000000ec980000,0x00000000edd59ea0,0x00000000eee00000)
  to   space 36864K, 0% used [0x00000000ea580000,0x00000000ea580000,0x00000000ec980000)
 ParOldGen       total 122368K, used 74160K [0x00000000a0000000, 0x00000000a7780000, 0x00000000e0000000)
  object space 122368K, 60% used [0x00000000a0000000,0x00000000a486c2e8,0x00000000a7780000)
 Metaspace       used 94393K, capacity 98252K, committed 98380K, reserved 1134592K
  class space    used 12106K, capacity 12888K, committed 12928K, reserved 1048576K
}
Event: 271.683 GC heap before
{Heap before GC invocations=30 (full 4):
 PSYoungGen      total 206848K, used 20327K [0x00000000e0000000, 0x00000000eee00000, 0x0000000100000000)
  eden space 169472K, 0% used [0x00000000e0000000,0x00000000e0000000,0x00000000ea580000)
  from space 37376K, 54% used [0x00000000ec980000,0x00000000edd59ea0,0x00000000eee00000)
  to   space 36864K, 0% used [0x00000000ea580000,0x00000000ea580000,0x00000000ec980000)
 ParOldGen       total 122368K, used 74160K [0x00000000a0000000, 0x00000000a7780000, 0x00000000e0000000)
  object space 122368K, 60% used [0x00000000a0000000,0x00000000a486c2e8,0x00000000a7780000)
 Metaspace       used 94393K, capacity 98252K, committed 98380K, reserved 1134592K
  class space    used 12106K, capacity 12888K, committed 12928K, reserved 1048576K
Event: 271.841 GC heap after
Heap after GC invocations=30 (full 4):
 PSYoungGen      total 206848K, used 0K [0x00000000e0000000, 0x00000000eee00000, 0x0000000100000000)
  eden space 169472K, 0% used [0x00000000e0000000,0x00000000e0000000,0x00000000ea580000)
  from space 37376K, 0% used [0x00000000ec980000,0x00000000ec980000,0x00000000eee00000)
  to   space 36864K, 0% used [0x00000000ea580000,0x00000000ea580000,0x00000000ec980000)
 ParOldGen       total 181248K, used 57977K [0x00000000a0000000, 0x00000000ab100000, 0x00000000e0000000)
  object space 181248K, 31% used [0x00000000a0000000,0x00000000a389e440,0x00000000ab100000)
 Metaspace       used 94225K, capacity 97818K, committed 98380K, reserved 1134592K
  class space    used 12055K, capacity 12810K, committed 12928K, reserved 1048576K
}

